[2024-02-23 18:03:32] local.ERROR: SQLSTATE[23000]: Integrity constraint violation: 1062 Duplicate entry 'dacaho' for key 'users_nombre_u_unique' (Connection: mysql, SQL: insert into `users` (`nombre_u`, `nombre`, `apellidos`, `email`, `password`, `created_at`) values (dacaho, David, Hola, dacaho2004@gmail.com, $2y$12$1s8bk4pO/RgrBlQyV5rTGuwFkCs5Y31b/tIouaJWP/5aq1ZYe.pFu, 2024-02-23 18:03:32)) {"exception":"[object] (Illuminate\\Database\\UniqueConstraintViolationException(code: 23000): SQLSTATE[23000]: Integrity constraint violation: 1062 Duplicate entry 'dacaho' for key 'users_nombre_u_unique' (Connection: mysql, SQL: insert into `users` (`nombre_u`, `nombre`, `apellidos`, `email`, `password`, `created_at`) values (dacaho, David, Hola, dacaho2004@gmail.com, $2y$12$1s8bk4pO/RgrBlQyV5rTGuwFkCs5Y31b/tIouaJWP/5aq1ZYe.pFu, 2024-02-23 18:03:32)) at C:\\Users\\alumnat\\Documents\\GitHub\\Xuxemos-daw2\\Xuxemons_Laravel\\vendor\\laravel\\framework\\src\\Illuminate\\Database\\Connection.php:824)
[stacktrace]
#0 C:\\Users\\alumnat\\Documents\\GitHub\\Xuxemos-daw2\\Xuxemons_Laravel\\vendor\\laravel\\framework\\src\\Illuminate\\Database\\Connection.php(783): Illuminate\\Database\\Connection->runQueryCallback('insert into `us...', Array, Object(Closure))
#1 C:\\Users\\alumnat\\Documents\\GitHub\\Xuxemos-daw2\\Xuxemons_Laravel\\vendor\\laravel\\framework\\src\\Illuminate\\Database\\Connection.php(588): Illuminate\\Database\\Connection->run('insert into `us...', Array, Object(Closure))
#2 C:\\Users\\alumnat\\Documents\\GitHub\\Xuxemos-daw2\\Xuxemons_Laravel\\vendor\\laravel\\framework\\src\\Illuminate\\Database\\Connection.php(540): Illuminate\\Database\\Connection->statement('insert into `us...', Array)
#3 C:\\Users\\alumnat\\Documents\\GitHub\\Xuxemos-daw2\\Xuxemons_Laravel\\vendor\\laravel\\framework\\src\\Illuminate\\Database\\Query\\Builder.php(3338): Illuminate\\Database\\Connection->insert('insert into `us...', Array)
#4 C:\\Users\\alumnat\\Documents\\GitHub\\Xuxemos-daw2\\Xuxemons_Laravel\\database\\seeders\\UserSeeder.php(23): Illuminate\\Database\\Query\\Builder->insert(Array)
#5 C:\\Users\\alumnat\\Documents\\GitHub\\Xuxemos-daw2\\Xuxemons_Laravel\\vendor\\laravel\\framework\\src\\Illuminate\\Container\\BoundMethod.php(36): Database\\Seeders\\UserSeeder->run()
#6 C:\\Users\\alumnat\\Documents\\GitHub\\Xuxemos-daw2\\Xuxemons_Laravel\\vendor\\laravel\\framework\\src\\Illuminate\\Container\\Util.php(41): Illuminate\\Container\\BoundMethod::Illuminate\\Container\\{closure}()
#7 C:\\Users\\alumnat\\Documents\\GitHub\\Xuxemos-daw2\\Xuxemons_Laravel\\vendor\\laravel\\framework\\src\\Illuminate\\Container\\BoundMethod.php(93): Illuminate\\Container\\Util::unwrapIfClosure(Object(Closure))
#8 C:\\Users\\alumnat\\Documents\\GitHub\\Xuxemos-daw2\\Xuxemons_Laravel\\vendor\\laravel\\framework\\src\\Illuminate\\Container\\BoundMethod.php(37): Illuminate\\Container\\BoundMethod::callBoundMethod(Object(Illuminate\\Foundation\\Application), Array, Object(Closure))
#9 C:\\Users\\alumnat\\Documents\\GitHub\\Xuxemos-daw2\\Xuxemons_Laravel\\vendor\\laravel\\framework\\src\\Illuminate\\Container\\Container.php(662): Illuminate\\Container\\BoundMethod::call(Object(Illuminate\\Foundation\\Application), Array, Array, NULL)
#10 C:\\Users\\alumnat\\Documents\\GitHub\\Xuxemos-daw2\\Xuxemons_Laravel\\vendor\\laravel\\framework\\src\\Illuminate\\Database\\Seeder.php(184): Illuminate\\Container\\Container->call(Array, Array)
#11 C:\\Users\\alumnat\\Documents\\GitHub\\Xuxemos-daw2\\Xuxemons_Laravel\\vendor\\laravel\\framework\\src\\Illuminate\\Database\\Seeder.php(193): Illuminate\\Database\\Seeder->Illuminate\\Database\\{closure}()
#12 C:\\Users\\alumnat\\Documents\\GitHub\\Xuxemos-daw2\\Xuxemons_Laravel\\vendor\\laravel\\framework\\src\\Illuminate\\Database\\Seeder.php(61): Illuminate\\Database\\Seeder->__invoke(Array)
#13 C:\\Users\\alumnat\\Documents\\GitHub\\Xuxemos-daw2\\Xuxemons_Laravel\\database\\seeders\\DatabaseSeeder.php(15): Illuminate\\Database\\Seeder->call('Database\\\\Seeder...')
#14 C:\\Users\\alumnat\\Documents\\GitHub\\Xuxemos-daw2\\Xuxemons_Laravel\\vendor\\laravel\\framework\\src\\Illuminate\\Container\\BoundMethod.php(36): Database\\Seeders\\DatabaseSeeder->run()
#15 C:\\Users\\alumnat\\Documents\\GitHub\\Xuxemos-daw2\\Xuxemons_Laravel\\vendor\\laravel\\framework\\src\\Illuminate\\Container\\Util.php(41): Illuminate\\Container\\BoundMethod::Illuminate\\Container\\{closure}()
#16 C:\\Users\\alumnat\\Documents\\GitHub\\Xuxemos-daw2\\Xuxemons_Laravel\\vendor\\laravel\\framework\\src\\Illuminate\\Container\\BoundMethod.php(93): Illuminate\\Container\\Util::unwrapIfClosure(Object(Closure))
#17 C:\\Users\\alumnat\\Documents\\GitHub\\Xuxemos-daw2\\Xuxemons_Laravel\\vendor\\laravel\\framework\\src\\Illuminate\\Container\\BoundMethod.php(37): Illuminate\\Container\\BoundMethod::callBoundMethod(Object(Illuminate\\Foundation\\Application), Array, Object(Closure))
#18 C:\\Users\\alumnat\\Documents\\GitHub\\Xuxemos-daw2\\Xuxemons_Laravel\\vendor\\laravel\\framework\\src\\Illuminate\\Container\\Container.php(662): Illuminate\\Container\\BoundMethod::call(Object(Illuminate\\Foundation\\Application), Array, Array, NULL)
#19 C:\\Users\\alumnat\\Documents\\GitHub\\Xuxemos-daw2\\Xuxemons_Laravel\\vendor\\laravel\\framework\\src\\Illuminate\\Database\\Seeder.php(184): Illuminate\\Container\\Container->call(Array, Array)
#20 C:\\Users\\alumnat\\Documents\\GitHub\\Xuxemos-daw2\\Xuxemons_Laravel\\vendor\\laravel\\framework\\src\\Illuminate\\Database\\Seeder.php(193): Illuminate\\Database\\Seeder->Illuminate\\Database\\{closure}()
#21 C:\\Users\\alumnat\\Documents\\GitHub\\Xuxemos-daw2\\Xuxemons_Laravel\\vendor\\laravel\\framework\\src\\Illuminate\\Database\\Console\\Seeds\\SeedCommand.php(70): Illuminate\\Database\\Seeder->__invoke()
#22 C:\\Users\\alumnat\\Documents\\GitHub\\Xuxemos-daw2\\Xuxemons_Laravel\\vendor\\laravel\\framework\\src\\Illuminate\\Database\\Eloquent\\Concerns\\GuardsAttributes.php(155): Illuminate\\Database\\Console\\Seeds\\SeedCommand->Illuminate\\Database\\Console\\Seeds\\{closure}()
#23 C:\\Users\\alumnat\\Documents\\GitHub\\Xuxemos-daw2\\Xuxemons_Laravel\\vendor\\laravel\\framework\\src\\Illuminate\\Database\\Console\\Seeds\\SeedCommand.php(71): Illuminate\\Database\\Eloquent\\Model::unguarded(Object(Closure))
#24 C:\\Users\\alumnat\\Documents\\GitHub\\Xuxemos-daw2\\Xuxemons_Laravel\\vendor\\laravel\\framework\\src\\Illuminate\\Container\\BoundMethod.php(36): Illuminate\\Database\\Console\\Seeds\\SeedCommand->handle()
#25 C:\\Users\\alumnat\\Documents\\GitHub\\Xuxemos-daw2\\Xuxemons_Laravel\\vendor\\laravel\\framework\\src\\Illuminate\\Container\\Util.php(41): Illuminate\\Container\\BoundMethod::Illuminate\\Container\\{closure}()
#26 C:\\Users\\alumnat\\Documents\\GitHub\\Xuxemos-daw2\\Xuxemons_Laravel\\vendor\\laravel\\framework\\src\\Illuminate\\Container\\BoundMethod.php(93): Illuminate\\Container\\Util::unwrapIfClosure(Object(Closure))
#27 C:\\Users\\alumnat\\Documents\\GitHub\\Xuxemos-daw2\\Xuxemons_Laravel\\vendor\\laravel\\framework\\src\\Illuminate\\Container\\BoundMethod.php(37): Illuminate\\Container\\BoundMethod::callBoundMethod(Object(Illuminate\\Foundation\\Application), Array, Object(Closure))
#28 C:\\Users\\alumnat\\Documents\\GitHub\\Xuxemos-daw2\\Xuxemons_Laravel\\vendor\\laravel\\framework\\src\\Illuminate\\Container\\Container.php(662): Illuminate\\Container\\BoundMethod::call(Object(Illuminate\\Foundation\\Application), Array, Array, NULL)
#29 C:\\Users\\alumnat\\Documents\\GitHub\\Xuxemos-daw2\\Xuxemons_Laravel\\vendor\\laravel\\framework\\src\\Illuminate\\Console\\Command.php(211): Illuminate\\Container\\Container->call(Array)
#30 C:\\Users\\alumnat\\Documents\\GitHub\\Xuxemos-daw2\\Xuxemons_Laravel\\vendor\\symfony\\console\\Command\\Command.php(326): Illuminate\\Console\\Command->execute(Object(Symfony\\Component\\Console\\Input\\ArgvInput), Object(Illuminate\\Console\\OutputStyle))
#31 C:\\Users\\alumnat\\Documents\\GitHub\\Xuxemos-daw2\\Xuxemons_Laravel\\vendor\\laravel\\framework\\src\\Illuminate\\Console\\Command.php(181): Symfony\\Component\\Console\\Command\\Command->run(Object(Symfony\\Component\\Console\\Input\\ArgvInput), Object(Illuminate\\Console\\OutputStyle))
#32 C:\\Users\\alumnat\\Documents\\GitHub\\Xuxemos-daw2\\Xuxemons_Laravel\\vendor\\symfony\\console\\Application.php(1096): Illuminate\\Console\\Command->run(Object(Symfony\\Component\\Console\\Input\\ArgvInput), Object(Symfony\\Component\\Console\\Output\\ConsoleOutput))
#33 C:\\Users\\alumnat\\Documents\\GitHub\\Xuxemos-daw2\\Xuxemons_Laravel\\vendor\\symfony\\console\\Application.php(324): Symfony\\Component\\Console\\Application->doRunCommand(Object(Illuminate\\Database\\Console\\Seeds\\SeedCommand), Object(Symfony\\Component\\Console\\Input\\ArgvInput), Object(Symfony\\Component\\Console\\Output\\ConsoleOutput))
#34 C:\\Users\\alumnat\\Documents\\GitHub\\Xuxemos-daw2\\Xuxemons_Laravel\\vendor\\symfony\\console\\Application.php(175): Symfony\\Component\\Console\\Application->doRun(Object(Symfony\\Component\\Console\\Input\\ArgvInput), Object(Symfony\\Component\\Console\\Output\\ConsoleOutput))
#35 C:\\Users\\alumnat\\Documents\\GitHub\\Xuxemos-daw2\\Xuxemons_Laravel\\vendor\\laravel\\framework\\src\\Illuminate\\Foundation\\Console\\Kernel.php(201): Symfony\\Component\\Console\\Application->run(Object(Symfony\\Component\\Console\\Input\\ArgvInput), Object(Symfony\\Component\\Console\\Output\\ConsoleOutput))
#36 C:\\Users\\alumnat\\Documents\\GitHub\\Xuxemos-daw2\\Xuxemons_Laravel\\artisan(37): Illuminate\\Foundation\\Console\\Kernel->handle(Object(Symfony\\Component\\Console\\Input\\ArgvInput), Object(Symfony\\Component\\Console\\Output\\ConsoleOutput))
#37 {main}

[previous exception] [object] (PDOException(code: 23000): SQLSTATE[23000]: Integrity constraint violation: 1062 Duplicate entry 'dacaho' for key 'users_nombre_u_unique' at C:\\Users\\alumnat\\Documents\\GitHub\\Xuxemos-daw2\\Xuxemons_Laravel\\vendor\\laravel\\framework\\src\\Illuminate\\Database\\Connection.php:587)
[stacktrace]
#0 C:\\Users\\alumnat\\Documents\\GitHub\\Xuxemos-daw2\\Xuxemons_Laravel\\vendor\\laravel\\framework\\src\\Illuminate\\Database\\Connection.php(587): PDOStatement->execute()
#1 C:\\Users\\alumnat\\Documents\\GitHub\\Xuxemos-daw2\\Xuxemons_Laravel\\vendor\\laravel\\framework\\src\\Illuminate\\Database\\Connection.php(816): Illuminate\\Database\\Connection->Illuminate\\Database\\{closure}('insert into `us...', Array)
#2 C:\\Users\\alumnat\\Documents\\GitHub\\Xuxemos-daw2\\Xuxemons_Laravel\\vendor\\laravel\\framework\\src\\Illuminate\\Database\\Connection.php(783): Illuminate\\Database\\Connection->runQueryCallback('insert into `us...', Array, Object(Closure))
#3 C:\\Users\\alumnat\\Documents\\GitHub\\Xuxemos-daw2\\Xuxemons_Laravel\\vendor\\laravel\\framework\\src\\Illuminate\\Database\\Connection.php(588): Illuminate\\Database\\Connection->run('insert into `us...', Array, Object(Closure))
#4 C:\\Users\\alumnat\\Documents\\GitHub\\Xuxemos-daw2\\Xuxemons_Laravel\\vendor\\laravel\\framework\\src\\Illuminate\\Database\\Connection.php(540): Illuminate\\Database\\Connection->statement('insert into `us...', Array)
#5 C:\\Users\\alumnat\\Documents\\GitHub\\Xuxemos-daw2\\Xuxemons_Laravel\\vendor\\laravel\\framework\\src\\Illuminate\\Database\\Query\\Builder.php(3338): Illuminate\\Database\\Connection->insert('insert into `us...', Array)
#6 C:\\Users\\alumnat\\Documents\\GitHub\\Xuxemos-daw2\\Xuxemons_Laravel\\database\\seeders\\UserSeeder.php(23): Illuminate\\Database\\Query\\Builder->insert(Array)
#7 C:\\Users\\alumnat\\Documents\\GitHub\\Xuxemos-daw2\\Xuxemons_Laravel\\vendor\\laravel\\framework\\src\\Illuminate\\Container\\BoundMethod.php(36): Database\\Seeders\\UserSeeder->run()
#8 C:\\Users\\alumnat\\Documents\\GitHub\\Xuxemos-daw2\\Xuxemons_Laravel\\vendor\\laravel\\framework\\src\\Illuminate\\Container\\Util.php(41): Illuminate\\Container\\BoundMethod::Illuminate\\Container\\{closure}()
#9 C:\\Users\\alumnat\\Documents\\GitHub\\Xuxemos-daw2\\Xuxemons_Laravel\\vendor\\laravel\\framework\\src\\Illuminate\\Container\\BoundMethod.php(93): Illuminate\\Container\\Util::unwrapIfClosure(Object(Closure))
#10 C:\\Users\\alumnat\\Documents\\GitHub\\Xuxemos-daw2\\Xuxemons_Laravel\\vendor\\laravel\\framework\\src\\Illuminate\\Container\\BoundMethod.php(37): Illuminate\\Container\\BoundMethod::callBoundMethod(Object(Illuminate\\Foundation\\Application), Array, Object(Closure))
#11 C:\\Users\\alumnat\\Documents\\GitHub\\Xuxemos-daw2\\Xuxemons_Laravel\\vendor\\laravel\\framework\\src\\Illuminate\\Container\\Container.php(662): Illuminate\\Container\\BoundMethod::call(Object(Illuminate\\Foundation\\Application), Array, Array, NULL)
#12 C:\\Users\\alumnat\\Documents\\GitHub\\Xuxemos-daw2\\Xuxemons_Laravel\\vendor\\laravel\\framework\\src\\Illuminate\\Database\\Seeder.php(184): Illuminate\\Container\\Container->call(Array, Array)
#13 C:\\Users\\alumnat\\Documents\\GitHub\\Xuxemos-daw2\\Xuxemons_Laravel\\vendor\\laravel\\framework\\src\\Illuminate\\Database\\Seeder.php(193): Illuminate\\Database\\Seeder->Illuminate\\Database\\{closure}()
#14 C:\\Users\\alumnat\\Documents\\GitHub\\Xuxemos-daw2\\Xuxemons_Laravel\\vendor\\laravel\\framework\\src\\Illuminate\\Database\\Seeder.php(61): Illuminate\\Database\\Seeder->__invoke(Array)
#15 C:\\Users\\alumnat\\Documents\\GitHub\\Xuxemos-daw2\\Xuxemons_Laravel\\database\\seeders\\DatabaseSeeder.php(15): Illuminate\\Database\\Seeder->call('Database\\\\Seeder...')
#16 C:\\Users\\alumnat\\Documents\\GitHub\\Xuxemos-daw2\\Xuxemons_Laravel\\vendor\\laravel\\framework\\src\\Illuminate\\Container\\BoundMethod.php(36): Database\\Seeders\\DatabaseSeeder->run()
#17 C:\\Users\\alumnat\\Documents\\GitHub\\Xuxemos-daw2\\Xuxemons_Laravel\\vendor\\laravel\\framework\\src\\Illuminate\\Container\\Util.php(41): Illuminate\\Container\\BoundMethod::Illuminate\\Container\\{closure}()
#18 C:\\Users\\alumnat\\Documents\\GitHub\\Xuxemos-daw2\\Xuxemons_Laravel\\vendor\\laravel\\framework\\src\\Illuminate\\Container\\BoundMethod.php(93): Illuminate\\Container\\Util::unwrapIfClosure(Object(Closure))
#19 C:\\Users\\alumnat\\Documents\\GitHub\\Xuxemos-daw2\\Xuxemons_Laravel\\vendor\\laravel\\framework\\src\\Illuminate\\Container\\BoundMethod.php(37): Illuminate\\Container\\BoundMethod::callBoundMethod(Object(Illuminate\\Foundation\\Application), Array, Object(Closure))
#20 C:\\Users\\alumnat\\Documents\\GitHub\\Xuxemos-daw2\\Xuxemons_Laravel\\vendor\\laravel\\framework\\src\\Illuminate\\Container\\Container.php(662): Illuminate\\Container\\BoundMethod::call(Object(Illuminate\\Foundation\\Application), Array, Array, NULL)
#21 C:\\Users\\alumnat\\Documents\\GitHub\\Xuxemos-daw2\\Xuxemons_Laravel\\vendor\\laravel\\framework\\src\\Illuminate\\Database\\Seeder.php(184): Illuminate\\Container\\Container->call(Array, Array)
#22 C:\\Users\\alumnat\\Documents\\GitHub\\Xuxemos-daw2\\Xuxemons_Laravel\\vendor\\laravel\\framework\\src\\Illuminate\\Database\\Seeder.php(193): Illuminate\\Database\\Seeder->Illuminate\\Database\\{closure}()
#23 C:\\Users\\alumnat\\Documents\\GitHub\\Xuxemos-daw2\\Xuxemons_Laravel\\vendor\\laravel\\framework\\src\\Illuminate\\Database\\Console\\Seeds\\SeedCommand.php(70): Illuminate\\Database\\Seeder->__invoke()
#24 C:\\Users\\alumnat\\Documents\\GitHub\\Xuxemos-daw2\\Xuxemons_Laravel\\vendor\\laravel\\framework\\src\\Illuminate\\Database\\Eloquent\\Concerns\\GuardsAttributes.php(155): Illuminate\\Database\\Console\\Seeds\\SeedCommand->Illuminate\\Database\\Console\\Seeds\\{closure}()
#25 C:\\Users\\alumnat\\Documents\\GitHub\\Xuxemos-daw2\\Xuxemons_Laravel\\vendor\\laravel\\framework\\src\\Illuminate\\Database\\Console\\Seeds\\SeedCommand.php(71): Illuminate\\Database\\Eloquent\\Model::unguarded(Object(Closure))
#26 C:\\Users\\alumnat\\Documents\\GitHub\\Xuxemos-daw2\\Xuxemons_Laravel\\vendor\\laravel\\framework\\src\\Illuminate\\Container\\BoundMethod.php(36): Illuminate\\Database\\Console\\Seeds\\SeedCommand->handle()
#27 C:\\Users\\alumnat\\Documents\\GitHub\\Xuxemos-daw2\\Xuxemons_Laravel\\vendor\\laravel\\framework\\src\\Illuminate\\Container\\Util.php(41): Illuminate\\Container\\BoundMethod::Illuminate\\Container\\{closure}()
#28 C:\\Users\\alumnat\\Documents\\GitHub\\Xuxemos-daw2\\Xuxemons_Laravel\\vendor\\laravel\\framework\\src\\Illuminate\\Container\\BoundMethod.php(93): Illuminate\\Container\\Util::unwrapIfClosure(Object(Closure))
#29 C:\\Users\\alumnat\\Documents\\GitHub\\Xuxemos-daw2\\Xuxemons_Laravel\\vendor\\laravel\\framework\\src\\Illuminate\\Container\\BoundMethod.php(37): Illuminate\\Container\\BoundMethod::callBoundMethod(Object(Illuminate\\Foundation\\Application), Array, Object(Closure))
#30 C:\\Users\\alumnat\\Documents\\GitHub\\Xuxemos-daw2\\Xuxemons_Laravel\\vendor\\laravel\\framework\\src\\Illuminate\\Container\\Container.php(662): Illuminate\\Container\\BoundMethod::call(Object(Illuminate\\Foundation\\Application), Array, Array, NULL)
#31 C:\\Users\\alumnat\\Documents\\GitHub\\Xuxemos-daw2\\Xuxemons_Laravel\\vendor\\laravel\\framework\\src\\Illuminate\\Console\\Command.php(211): Illuminate\\Container\\Container->call(Array)
#32 C:\\Users\\alumnat\\Documents\\GitHub\\Xuxemos-daw2\\Xuxemons_Laravel\\vendor\\symfony\\console\\Command\\Command.php(326): Illuminate\\Console\\Command->execute(Object(Symfony\\Component\\Console\\Input\\ArgvInput), Object(Illuminate\\Console\\OutputStyle))
#33 C:\\Users\\alumnat\\Documents\\GitHub\\Xuxemos-daw2\\Xuxemons_Laravel\\vendor\\laravel\\framework\\src\\Illuminate\\Console\\Command.php(181): Symfony\\Component\\Console\\Command\\Command->run(Object(Symfony\\Component\\Console\\Input\\ArgvInput), Object(Illuminate\\Console\\OutputStyle))
#34 C:\\Users\\alumnat\\Documents\\GitHub\\Xuxemos-daw2\\Xuxemons_Laravel\\vendor\\symfony\\console\\Application.php(1096): Illuminate\\Console\\Command->run(Object(Symfony\\Component\\Console\\Input\\ArgvInput), Object(Symfony\\Component\\Console\\Output\\ConsoleOutput))
#35 C:\\Users\\alumnat\\Documents\\GitHub\\Xuxemos-daw2\\Xuxemons_Laravel\\vendor\\symfony\\console\\Application.php(324): Symfony\\Component\\Console\\Application->doRunCommand(Object(Illuminate\\Database\\Console\\Seeds\\SeedCommand), Object(Symfony\\Component\\Console\\Input\\ArgvInput), Object(Symfony\\Component\\Console\\Output\\ConsoleOutput))
#36 C:\\Users\\alumnat\\Documents\\GitHub\\Xuxemos-daw2\\Xuxemons_Laravel\\vendor\\symfony\\console\\Application.php(175): Symfony\\Component\\Console\\Application->doRun(Object(Symfony\\Component\\Console\\Input\\ArgvInput), Object(Symfony\\Component\\Console\\Output\\ConsoleOutput))
#37 C:\\Users\\alumnat\\Documents\\GitHub\\Xuxemos-daw2\\Xuxemons_Laravel\\vendor\\laravel\\framework\\src\\Illuminate\\Foundation\\Console\\Kernel.php(201): Symfony\\Component\\Console\\Application->run(Object(Symfony\\Component\\Console\\Input\\ArgvInput), Object(Symfony\\Component\\Console\\Output\\ConsoleOutput))
#38 C:\\Users\\alumnat\\Documents\\GitHub\\Xuxemos-daw2\\Xuxemons_Laravel\\artisan(37): Illuminate\\Foundation\\Console\\Kernel->handle(Object(Symfony\\Component\\Console\\Input\\ArgvInput), Object(Symfony\\Component\\Console\\Output\\ConsoleOutput))
#39 {main}
"} 
